<?xml version="1.0" encoding="UTF-8"?>
<!-- Generated by org.testng.reporters.JUnitReportReporter -->
<testsuite hostname="DESKTOP-POFR50H" failures="0" tests="6" name="Package_invocationcount.class_invocationCount" time="0.009" errors="0" timestamp="2021-10-18T22:53:15 EDT" skipped="0">
  <testcase classname="Package_invocationcount.class_invocationCount" name="Test01" time="0.001"/>
  <system-out/>
  <testcase classname="Package_invocationcount.class_invocationCount" name="Test01" time="0.000"/>
  <system-out/>
  <testcase classname="Package_invocationcount.class_invocationCount" name="Test01" time="0.007"/>
  <system-out/>
  <testcase classname="Package_invocationcount.class_invocationCount" name="Test01" time="0.000"/>
  <system-out/>
  <testcase classname="Package_invocationcount.class_invocationCount" name="Test01" time="0.001"/>
  <system-out/>
  <testcase classname="Package_invocationcount.class_invocationCount" name="Test01" time="0.000"/>
  <system-out/>
</testsuite> <!-- Package_invocationcount.class_invocationCount -->
