<?xml version="1.0" encoding="UTF-8"?>
<!-- Generated by org.testng.reporters.JUnitReportReporter -->
<testsuite hostname="DESKTOP-POFR50H" failures="0" tests="6" name="Package_invocationcount.class_invocCount_threadPoolSize" time="0.021" errors="0" timestamp="2021-10-09T03:42:28 EDT" skipped="0">
  <testcase classname="Package_invocationcount.class_invocCount_threadPoolSize" name="Test01" time="0.002"/>
  <system-out/>
  <testcase classname="Package_invocationcount.class_invocCount_threadPoolSize" name="Test01" time="0.002"/>
  <system-out/>
  <testcase classname="Package_invocationcount.class_invocCount_threadPoolSize" name="Test01" time="0.005"/>
  <system-out/>
  <testcase classname="Package_invocationcount.class_invocCount_threadPoolSize" name="Test01" time="0.005"/>
  <system-out/>
  <testcase classname="Package_invocationcount.class_invocCount_threadPoolSize" name="Test01" time="0.005"/>
  <system-out/>
  <testcase classname="Package_invocationcount.class_invocCount_threadPoolSize" name="Test01" time="0.002"/>
  <system-out/>
</testsuite> <!-- Package_invocationcount.class_invocCount_threadPoolSize -->
